Removed Pin From Net: NetName=Reset Pin=MCU-3
Removed Pin From Net: NetName=GND Pin=MCU-4
Removed Pin From Net: NetName=M1_In1 Pin=MCU-5
Removed Pin From Net: NetName=M1_In2 Pin=MCU-6
Removed Pin From Net: NetName=M1_In3 Pin=MCU-7
Removed Pin From Net: NetName=M1_In4 Pin=MCU-8
Removed Pin From Net: NetName=M2_In4 Pin=MCU-10
Removed Pin From Net: NetName=M2_In3 Pin=MCU-11
Removed Pin From Net: NetName=M2_In2 Pin=MCU-12
Removed Pin From Net: NetName=M2_In1 Pin=MCU-13
Removed Pin From Net: NetName=SDA Pin=MCU-23
Removed Pin From Net: NetName=SCL Pin=MCU-24
Removed Pin From Net: NetName=VCC Pin=MCU-27
Removed Pin From Net: NetName=GND Pin=MCU-29
Removed Member From Class: ClassName=main Member=MCU
Added Component: Designator=*(Arduino Nano)
Added Pin To Net: NetName=Reset Pin=*-3
Added Pin To Net: NetName=GND Pin=*-4
Added Pin To Net: NetName=M1_In1 Pin=*-5
Added Pin To Net: NetName=M1_In2 Pin=*-6
Added Pin To Net: NetName=M1_In3 Pin=*-7
Added Pin To Net: NetName=M1_In4 Pin=*-8
Added Pin To Net: NetName=M2_In4 Pin=*-10
Added Pin To Net: NetName=M2_In3 Pin=*-11
Added Pin To Net: NetName=M2_In2 Pin=*-12
Added Pin To Net: NetName=M2_In1 Pin=*-13
Added Pin To Net: NetName=SDA Pin=*-23
Added Pin To Net: NetName=SCL Pin=*-24
Added Pin To Net: NetName=VCC Pin=*-27
Added Pin To Net: NetName=GND Pin=*-29
Added Member To Class: ClassName=main Member=Component * Arduino Nano
