Added Component: Designator=GNDs(4pin Screw Terminal)
Added Component: Designator=PWR_IN(3pin Screw Terminal)
Added Component: Designator=SWITCH(TB00250002BE)
Add component (AddParameter): Name = "Arrow Part Number"; Value = "TB002-500-02BE"; VariantName = "[No Variations]"
Add component (AddParameter): Name = "Arrow Price/Stock"; Value = "https://www.arrow.com/en/products/tb002-500-02be/cui-devices?region=nac"; VariantName = "[No Variations]"
Add component (AddParameter): Name = "Datasheet Link"; Value = "https://eu.mouser.com/datasheet/2/670/tb002_500-1550579.pdf"; VariantName = "[No Variations]"
Add component (AddParameter): Name = "Height"; Value = "10.4mm"; VariantName = "[No Variations]"
Add component (AddParameter): Name = "Manufacturer_Name"; Value = "CUI Devices"; VariantName = "[No Variations]"
Add component (AddParameter): Name = "Manufacturer_Part_Number"; Value = "TB002-500-02BE"; VariantName = "[No Variations]"
Add component (AddParameter): Name = "Mouser Part Number"; Value = "490-TB002-500-02BE"; VariantName = "[No Variations]"
Add component (AddParameter): Name = "Mouser Price/Stock"; Value = "https://www.mouser.co.uk/ProductDetail/CUI-Devices/TB002-500-02BE?qs=vLWxofP3U2x9716kcgva%2Fw%3D%3D"; VariantName = "[No Variations]"
Added Component: Designator=TO_SUPPLY(3pin Screw Terminal)
Added Pin To Net: NetName=GND Pin=GNDs-1
Added Pin To Net: NetName=GND Pin=GNDs-2
Added Pin To Net: NetName=GND Pin=GNDs-3
Added Pin To Net: NetName=GND Pin=GNDs-4
Added Pin To Net: NetName=GND Pin=PWR_IN-3
Added Pin To Net: NetName=GND Pin=TO_SUPPLY-3
Added Net: Name=GND
Added Pin To Net: NetName=Live Pin=PWR_IN-1
Added Pin To Net: NetName=Live Pin=SWITCH-2
Added Net: Name=Live
Added Pin To Net: NetName=Neutral Pin=PWR_IN-2
Added Pin To Net: NetName=Neutral Pin=TO_SUPPLY-2
Added Net: Name=Neutral
Added Pin To Net: NetName=Switched_Live Pin=SWITCH-1
Added Pin To Net: NetName=Switched_Live Pin=TO_SUPPLY-1
Added Net: Name=Switched_Live
Added Class: Name=main
