Added Component: Designator=5V_Input(TB00250002BE)
Add component (AddParameter): Name = "Arrow Part Number"; Value = "TB002-500-02BE"; VariantName = "[No Variations]"
Add component (AddParameter): Name = "Arrow Price/Stock"; Value = "https://www.arrow.com/en/products/tb002-500-02be/cui-devices?region=nac"; VariantName = "[No Variations]"
Add component (AddParameter): Name = "Datasheet Link"; Value = "https://eu.mouser.com/datasheet/2/670/tb002_500-1550579.pdf"; VariantName = "[No Variations]"
Add component (AddParameter): Name = "Height"; Value = "10.4mm"; VariantName = "[No Variations]"
Add component (AddParameter): Name = "Manufacturer_Name"; Value = "CUI Devices"; VariantName = "[No Variations]"
Add component (AddParameter): Name = "Manufacturer_Part_Number"; Value = "TB002-500-02BE"; VariantName = "[No Variations]"
Add component (AddParameter): Name = "Mouser Part Number"; Value = "490-TB002-500-02BE"; VariantName = "[No Variations]"
Add component (AddParameter): Name = "Mouser Price/Stock"; Value = "https://www.mouser.co.uk/ProductDetail/CUI-Devices/TB002-500-02BE?qs=vLWxofP3U2x9716kcgva%2Fw%3D%3D"; VariantName = "[No Variations]"
Added Component: Designator=5V_Output(4pin Screw Terminal)
Added Pin To Net: NetName=5V_In Pin=5V_Input-1
Added Pin To Net: NetName=5V_In Pin=5V_Input-2
Added Net: Name=5V_In
Added Pin To Net: NetName=5V_Out Pin=5V_Output-1
Added Pin To Net: NetName=5V_Out Pin=5V_Output-2
Added Pin To Net: NetName=5V_Out Pin=5V_Output-3
Added Pin To Net: NetName=5V_Out Pin=5V_Output-4
Added Net: Name=5V_Out
Added Member To Class: ClassName=main Member=Component 5V_Input Screw Terminal
Added Member To Class: ClassName=main Member=Component 5V_Output 4pin Screw Terminal
